INFO main org.quartz.impl.StdSchedulerFactory - Using default implementation for ThreadExecutor
INFO main org.quartz.core.SchedulerSignalerImpl - Initialized Scheduler Signaller of type: class org.quartz.core.SchedulerSignalerImpl
INFO main org.quartz.core.QuartzScheduler - Quartz Scheduler v.2.2.1 created.
INFO main org.quartz.simpl.RAMJobStore - RAMJobStore initialized.
INFO main org.quartz.core.QuartzScheduler - Scheduler meta-data: Quartz Scheduler (v2.2.1) 'SiteMonitoringScheduler' with instanceId 'NON_CLUSTERED'
  Scheduler class: 'org.quartz.core.QuartzScheduler' - running locally.
  NOT STARTED.
  Currently in standby mode.
  Number of jobs executed: 0
  Using thread pool 'org.quartz.simpl.SimpleThreadPool' - with 50 threads.
  Using job-store 'org.quartz.simpl.RAMJobStore' - which does not support persistence. and is not clustered.

INFO main org.quartz.impl.StdSchedulerFactory - Quartz scheduler 'SiteMonitoringScheduler' initialized from default resource file in Quartz package: 'quartz.properties'
INFO main org.quartz.impl.StdSchedulerFactory - Quartz scheduler version: 2.2.1
INFO main org.quartz.core.QuartzScheduler - Scheduler SiteMonitoringScheduler_$_NON_CLUSTERED started.
DEBUG SiteMonitoringScheduler_QuartzSchedulerThread org.quartz.core.QuartzSchedulerThread - batch acquisition of 0 triggers
DEBUG Timer-0 org.quartz.utils.UpdateChecker - Checking for available updated version of Quartz...
INFO main org.quartz.core.QuartzScheduler - Scheduler SiteMonitoringScheduler_$_NON_CLUSTERED shutting down.
INFO main org.quartz.core.QuartzScheduler - Scheduler SiteMonitoringScheduler_$_NON_CLUSTERED paused.
DEBUG main org.quartz.simpl.SimpleThreadPool - Shutting down threadpool...
DEBUG main org.quartz.simpl.SimpleThreadPool - Shutdown of threadpool complete.
INFO main org.quartz.core.QuartzScheduler - Scheduler SiteMonitoringScheduler_$_NON_CLUSTERED shutdown complete.
DEBUG SiteMonitoringScheduler_Worker-1 org.quartz.simpl.SimpleThreadPool - WorkerThread is shut down.
DEBUG SiteMonitoringScheduler_Worker-49 org.quartz.simpl.SimpleThreadPool - WorkerThread is shut down.
DEBUG SiteMonitoringScheduler_Worker-50 org.quartz.simpl.SimpleThreadPool - WorkerThread is shut down.
DEBUG SiteMonitoringScheduler_Worker-46 org.quartz.simpl.SimpleThreadPool - WorkerThread is shut down.
DEBUG SiteMonitoringScheduler_Worker-45 org.quartz.simpl.SimpleThreadPool - WorkerThread is shut down.
DEBUG SiteMonitoringScheduler_Worker-47 org.quartz.simpl.SimpleThreadPool - WorkerThread is shut down.
DEBUG SiteMonitoringScheduler_Worker-44 org.quartz.simpl.SimpleThreadPool - WorkerThread is shut down.
DEBUG SiteMonitoringScheduler_Worker-48 org.quartz.simpl.SimpleThreadPool - WorkerThread is shut down.
DEBUG SiteMonitoringScheduler_Worker-43 org.quartz.simpl.SimpleThreadPool - WorkerThread is shut down.
DEBUG SiteMonitoringScheduler_Worker-34 org.quartz.simpl.SimpleThreadPool - WorkerThread is shut down.
DEBUG SiteMonitoringScheduler_Worker-42 org.quartz.simpl.SimpleThreadPool - WorkerThread is shut down.
DEBUG SiteMonitoringScheduler_Worker-41 org.quartz.simpl.SimpleThreadPool - WorkerThread is shut down.
DEBUG SiteMonitoringScheduler_Worker-37 org.quartz.simpl.SimpleThreadPool - WorkerThread is shut down.
DEBUG SiteMonitoringScheduler_Worker-38 org.quartz.simpl.SimpleThreadPool - WorkerThread is shut down.
DEBUG SiteMonitoringScheduler_Worker-33 org.quartz.simpl.SimpleThreadPool - WorkerThread is shut down.
DEBUG SiteMonitoringScheduler_Worker-36 org.quartz.simpl.SimpleThreadPool - WorkerThread is shut down.
DEBUG SiteMonitoringScheduler_Worker-40 org.quartz.simpl.SimpleThreadPool - WorkerThread is shut down.
DEBUG SiteMonitoringScheduler_Worker-35 org.quartz.simpl.SimpleThreadPool - WorkerThread is shut down.
DEBUG SiteMonitoringScheduler_Worker-39 org.quartz.simpl.SimpleThreadPool - WorkerThread is shut down.
DEBUG SiteMonitoringScheduler_Worker-21 org.quartz.simpl.SimpleThreadPool - WorkerThread is shut down.
DEBUG SiteMonitoringScheduler_Worker-25 org.quartz.simpl.SimpleThreadPool - WorkerThread is shut down.
DEBUG SiteMonitoringScheduler_Worker-26 org.quartz.simpl.SimpleThreadPool - WorkerThread is shut down.
DEBUG SiteMonitoringScheduler_Worker-29 org.quartz.simpl.SimpleThreadPool - WorkerThread is shut down.
DEBUG SiteMonitoringScheduler_Worker-22 org.quartz.simpl.SimpleThreadPool - WorkerThread is shut down.
DEBUG SiteMonitoringScheduler_Worker-30 org.quartz.simpl.SimpleThreadPool - WorkerThread is shut down.
DEBUG SiteMonitoringScheduler_Worker-5 org.quartz.simpl.SimpleThreadPool - WorkerThread is shut down.
DEBUG SiteMonitoringScheduler_Worker-6 org.quartz.simpl.SimpleThreadPool - WorkerThread is shut down.
DEBUG SiteMonitoringScheduler_Worker-9 org.quartz.simpl.SimpleThreadPool - WorkerThread is shut down.
DEBUG SiteMonitoringScheduler_Worker-10 org.quartz.simpl.SimpleThreadPool - WorkerThread is shut down.
DEBUG SiteMonitoringScheduler_Worker-13 org.quartz.simpl.SimpleThreadPool - WorkerThread is shut down.
DEBUG SiteMonitoringScheduler_Worker-14 org.quartz.simpl.SimpleThreadPool - WorkerThread is shut down.
DEBUG SiteMonitoringScheduler_Worker-17 org.quartz.simpl.SimpleThreadPool - WorkerThread is shut down.
DEBUG SiteMonitoringScheduler_Worker-18 org.quartz.simpl.SimpleThreadPool - WorkerThread is shut down.
DEBUG SiteMonitoringScheduler_Worker-19 org.quartz.simpl.SimpleThreadPool - WorkerThread is shut down.
DEBUG SiteMonitoringScheduler_Worker-24 org.quartz.simpl.SimpleThreadPool - WorkerThread is shut down.
DEBUG SiteMonitoringScheduler_Worker-27 org.quartz.simpl.SimpleThreadPool - WorkerThread is shut down.
DEBUG SiteMonitoringScheduler_Worker-31 org.quartz.simpl.SimpleThreadPool - WorkerThread is shut down.
DEBUG SiteMonitoringScheduler_Worker-23 org.quartz.simpl.SimpleThreadPool - WorkerThread is shut down.
DEBUG SiteMonitoringScheduler_Worker-20 org.quartz.simpl.SimpleThreadPool - WorkerThread is shut down.
DEBUG SiteMonitoringScheduler_Worker-32 org.quartz.simpl.SimpleThreadPool - WorkerThread is shut down.
DEBUG SiteMonitoringScheduler_Worker-28 org.quartz.simpl.SimpleThreadPool - WorkerThread is shut down.
DEBUG SiteMonitoringScheduler_Worker-15 org.quartz.simpl.SimpleThreadPool - WorkerThread is shut down.
DEBUG SiteMonitoringScheduler_Worker-7 org.quartz.simpl.SimpleThreadPool - WorkerThread is shut down.
DEBUG SiteMonitoringScheduler_Worker-8 org.quartz.simpl.SimpleThreadPool - WorkerThread is shut down.
DEBUG SiteMonitoringScheduler_Worker-12 org.quartz.simpl.SimpleThreadPool - WorkerThread is shut down.
DEBUG SiteMonitoringScheduler_Worker-11 org.quartz.simpl.SimpleThreadPool - WorkerThread is shut down.
DEBUG SiteMonitoringScheduler_Worker-16 org.quartz.simpl.SimpleThreadPool - WorkerThread is shut down.
DEBUG SiteMonitoringScheduler_Worker-3 org.quartz.simpl.SimpleThreadPool - WorkerThread is shut down.
DEBUG SiteMonitoringScheduler_Worker-2 org.quartz.simpl.SimpleThreadPool - WorkerThread is shut down.
DEBUG SiteMonitoringScheduler_Worker-4 org.quartz.simpl.SimpleThreadPool - WorkerThread is shut down.
ERROR main org.kgsnipes.site.Main - Application Hit An Exception
java.lang.NullPointerException
	at java.io.File.<init>(Unknown Source)
	at org.kgsnipes.site.Main.readConfig(Main.java:56)
	at org.kgsnipes.site.Main.main(Main.java:27)
INFO main org.kgsnipes.site.Main - No config file found
INFO main org.quartz.impl.StdSchedulerFactory - Using default implementation for ThreadExecutor
INFO main org.quartz.core.SchedulerSignalerImpl - Initialized Scheduler Signaller of type: class org.quartz.core.SchedulerSignalerImpl
INFO main org.quartz.core.QuartzScheduler - Quartz Scheduler v.2.2.1 created.
INFO main org.quartz.simpl.RAMJobStore - RAMJobStore initialized.
INFO main org.quartz.core.QuartzScheduler - Scheduler meta-data: Quartz Scheduler (v2.2.1) 'SiteMonitoringScheduler' with instanceId 'NON_CLUSTERED'
  Scheduler class: 'org.quartz.core.QuartzScheduler' - running locally.
  NOT STARTED.
  Currently in standby mode.
  Number of jobs executed: 0
  Using thread pool 'org.quartz.simpl.SimpleThreadPool' - with 50 threads.
  Using job-store 'org.quartz.simpl.RAMJobStore' - which does not support persistence. and is not clustered.

INFO main org.quartz.impl.StdSchedulerFactory - Quartz scheduler 'SiteMonitoringScheduler' initialized from default resource file in Quartz package: 'quartz.properties'
INFO main org.quartz.impl.StdSchedulerFactory - Quartz scheduler version: 2.2.1
INFO main org.quartz.core.QuartzScheduler - Scheduler SiteMonitoringScheduler_$_NON_CLUSTERED started.
DEBUG SiteMonitoringScheduler_QuartzSchedulerThread org.quartz.core.QuartzSchedulerThread - batch acquisition of 0 triggers
INFO main org.quartz.core.QuartzScheduler - Scheduler SiteMonitoringScheduler_$_NON_CLUSTERED shutting down.
INFO main org.quartz.core.QuartzScheduler - Scheduler SiteMonitoringScheduler_$_NON_CLUSTERED paused.
DEBUG main org.quartz.simpl.SimpleThreadPool - Shutting down threadpool...
DEBUG main org.quartz.simpl.SimpleThreadPool - Shutdown of threadpool complete.
INFO main org.quartz.core.QuartzScheduler - Scheduler SiteMonitoringScheduler_$_NON_CLUSTERED shutdown complete.
DEBUG SiteMonitoringScheduler_Worker-4 org.quartz.simpl.SimpleThreadPool - WorkerThread is shut down.
DEBUG SiteMonitoringScheduler_Worker-31 org.quartz.simpl.SimpleThreadPool - WorkerThread is shut down.
DEBUG SiteMonitoringScheduler_Worker-47 org.quartz.simpl.SimpleThreadPool - WorkerThread is shut down.
DEBUG SiteMonitoringScheduler_Worker-32 org.quartz.simpl.SimpleThreadPool - WorkerThread is shut down.
DEBUG SiteMonitoringScheduler_Worker-28 org.quartz.simpl.SimpleThreadPool - WorkerThread is shut down.
DEBUG SiteMonitoringScheduler_Worker-27 org.quartz.simpl.SimpleThreadPool - WorkerThread is shut down.
DEBUG SiteMonitoringScheduler_Worker-24 org.quartz.simpl.SimpleThreadPool - WorkerThread is shut down.
DEBUG SiteMonitoringScheduler_Worker-23 org.quartz.simpl.SimpleThreadPool - WorkerThread is shut down.
DEBUG SiteMonitoringScheduler_Worker-20 org.quartz.simpl.SimpleThreadPool - WorkerThread is shut down.
DEBUG SiteMonitoringScheduler_Worker-7 org.quartz.simpl.SimpleThreadPool - WorkerThread is shut down.
DEBUG SiteMonitoringScheduler_Worker-50 org.quartz.simpl.SimpleThreadPool - WorkerThread is shut down.
DEBUG SiteMonitoringScheduler_Worker-49 org.quartz.simpl.SimpleThreadPool - WorkerThread is shut down.
DEBUG SiteMonitoringScheduler_Worker-8 org.quartz.simpl.SimpleThreadPool - WorkerThread is shut down.
DEBUG SiteMonitoringScheduler_Worker-45 org.quartz.simpl.SimpleThreadPool - WorkerThread is shut down.
DEBUG SiteMonitoringScheduler_Worker-42 org.quartz.simpl.SimpleThreadPool - WorkerThread is shut down.
DEBUG SiteMonitoringScheduler_Worker-41 org.quartz.simpl.SimpleThreadPool - WorkerThread is shut down.
DEBUG SiteMonitoringScheduler_Worker-37 org.quartz.simpl.SimpleThreadPool - WorkerThread is shut down.
DEBUG SiteMonitoringScheduler_Worker-46 org.quartz.simpl.SimpleThreadPool - WorkerThread is shut down.
DEBUG SiteMonitoringScheduler_Worker-38 org.quartz.simpl.SimpleThreadPool - WorkerThread is shut down.
DEBUG SiteMonitoringScheduler_Worker-34 org.quartz.simpl.SimpleThreadPool - WorkerThread is shut down.
DEBUG SiteMonitoringScheduler_Worker-33 org.quartz.simpl.SimpleThreadPool - WorkerThread is shut down.
DEBUG SiteMonitoringScheduler_Worker-30 org.quartz.simpl.SimpleThreadPool - WorkerThread is shut down.
DEBUG SiteMonitoringScheduler_Worker-29 org.quartz.simpl.SimpleThreadPool - WorkerThread is shut down.
DEBUG SiteMonitoringScheduler_Worker-25 org.quartz.simpl.SimpleThreadPool - WorkerThread is shut down.
DEBUG SiteMonitoringScheduler_Worker-26 org.quartz.simpl.SimpleThreadPool - WorkerThread is shut down.
DEBUG SiteMonitoringScheduler_Worker-22 org.quartz.simpl.SimpleThreadPool - WorkerThread is shut down.
DEBUG SiteMonitoringScheduler_Worker-21 org.quartz.simpl.SimpleThreadPool - WorkerThread is shut down.
DEBUG SiteMonitoringScheduler_Worker-12 org.quartz.simpl.SimpleThreadPool - WorkerThread is shut down.
DEBUG SiteMonitoringScheduler_Worker-11 org.quartz.simpl.SimpleThreadPool - WorkerThread is shut down.
DEBUG SiteMonitoringScheduler_Worker-15 org.quartz.simpl.SimpleThreadPool - WorkerThread is shut down.
DEBUG SiteMonitoringScheduler_Worker-16 org.quartz.simpl.SimpleThreadPool - WorkerThread is shut down.
DEBUG SiteMonitoringScheduler_Worker-19 org.quartz.simpl.SimpleThreadPool - WorkerThread is shut down.
DEBUG SiteMonitoringScheduler_Worker-9 org.quartz.simpl.SimpleThreadPool - WorkerThread is shut down.
DEBUG SiteMonitoringScheduler_Worker-10 org.quartz.simpl.SimpleThreadPool - WorkerThread is shut down.
DEBUG SiteMonitoringScheduler_Worker-13 org.quartz.simpl.SimpleThreadPool - WorkerThread is shut down.
DEBUG SiteMonitoringScheduler_Worker-14 org.quartz.simpl.SimpleThreadPool - WorkerThread is shut down.
DEBUG SiteMonitoringScheduler_Worker-17 org.quartz.simpl.SimpleThreadPool - WorkerThread is shut down.
DEBUG SiteMonitoringScheduler_Worker-18 org.quartz.simpl.SimpleThreadPool - WorkerThread is shut down.
DEBUG SiteMonitoringScheduler_Worker-3 org.quartz.simpl.SimpleThreadPool - WorkerThread is shut down.
DEBUG SiteMonitoringScheduler_Worker-1 org.quartz.simpl.SimpleThreadPool - WorkerThread is shut down.
DEBUG SiteMonitoringScheduler_Worker-2 org.quartz.simpl.SimpleThreadPool - WorkerThread is shut down.
DEBUG SiteMonitoringScheduler_Worker-5 org.quartz.simpl.SimpleThreadPool - WorkerThread is shut down.
DEBUG SiteMonitoringScheduler_Worker-6 org.quartz.simpl.SimpleThreadPool - WorkerThread is shut down.
DEBUG SiteMonitoringScheduler_Worker-48 org.quartz.simpl.SimpleThreadPool - WorkerThread is shut down.
DEBUG SiteMonitoringScheduler_Worker-44 org.quartz.simpl.SimpleThreadPool - WorkerThread is shut down.
DEBUG SiteMonitoringScheduler_Worker-43 org.quartz.simpl.SimpleThreadPool - WorkerThread is shut down.
DEBUG SiteMonitoringScheduler_Worker-40 org.quartz.simpl.SimpleThreadPool - WorkerThread is shut down.
DEBUG SiteMonitoringScheduler_Worker-39 org.quartz.simpl.SimpleThreadPool - WorkerThread is shut down.
DEBUG SiteMonitoringScheduler_Worker-36 org.quartz.simpl.SimpleThreadPool - WorkerThread is shut down.
DEBUG SiteMonitoringScheduler_Worker-35 org.quartz.simpl.SimpleThreadPool - WorkerThread is shut down.
INFO main org.kgsnipes.site.Main - No config file found
INFO main org.quartz.impl.StdSchedulerFactory - Using default implementation for ThreadExecutor
INFO main org.quartz.core.SchedulerSignalerImpl - Initialized Scheduler Signaller of type: class org.quartz.core.SchedulerSignalerImpl
INFO main org.quartz.core.QuartzScheduler - Quartz Scheduler v.2.2.1 created.
INFO main org.quartz.simpl.RAMJobStore - RAMJobStore initialized.
INFO main org.quartz.core.QuartzScheduler - Scheduler meta-data: Quartz Scheduler (v2.2.1) 'SiteMonitoringScheduler' with instanceId 'NON_CLUSTERED'
  Scheduler class: 'org.quartz.core.QuartzScheduler' - running locally.
  NOT STARTED.
  Currently in standby mode.
  Number of jobs executed: 0
  Using thread pool 'org.quartz.simpl.SimpleThreadPool' - with 50 threads.
  Using job-store 'org.quartz.simpl.RAMJobStore' - which does not support persistence. and is not clustered.

INFO main org.quartz.impl.StdSchedulerFactory - Quartz scheduler 'SiteMonitoringScheduler' initialized from default resource file in Quartz package: 'quartz.properties'
INFO main org.quartz.impl.StdSchedulerFactory - Quartz scheduler version: 2.2.1
INFO main org.quartz.core.QuartzScheduler - Scheduler SiteMonitoringScheduler_$_NON_CLUSTERED started.
DEBUG SiteMonitoringScheduler_QuartzSchedulerThread org.quartz.core.QuartzSchedulerThread - batch acquisition of 0 triggers
DEBUG Timer-0 org.quartz.utils.UpdateChecker - Checking for available updated version of Quartz...
INFO main org.kgsnipes.site.Main - The config filenull
ERROR main org.kgsnipes.site.Main - Application Hit An Exception
java.lang.NullPointerException
	at java.io.File.<init>(Unknown Source)
	at org.kgsnipes.site.Main.readConfig(Main.java:51)
	at org.kgsnipes.site.Main.main(Main.java:27)
INFO main org.kgsnipes.site.Main - No config file found
INFO main org.quartz.impl.StdSchedulerFactory - Using default implementation for ThreadExecutor
INFO main org.quartz.core.SchedulerSignalerImpl - Initialized Scheduler Signaller of type: class org.quartz.core.SchedulerSignalerImpl
INFO main org.quartz.core.QuartzScheduler - Quartz Scheduler v.2.2.1 created.
INFO main org.quartz.simpl.RAMJobStore - RAMJobStore initialized.
INFO main org.quartz.core.QuartzScheduler - Scheduler meta-data: Quartz Scheduler (v2.2.1) 'SiteMonitoringScheduler' with instanceId 'NON_CLUSTERED'
  Scheduler class: 'org.quartz.core.QuartzScheduler' - running locally.
  NOT STARTED.
  Currently in standby mode.
  Number of jobs executed: 0
  Using thread pool 'org.quartz.simpl.SimpleThreadPool' - with 50 threads.
  Using job-store 'org.quartz.simpl.RAMJobStore' - which does not support persistence. and is not clustered.

INFO main org.quartz.impl.StdSchedulerFactory - Quartz scheduler 'SiteMonitoringScheduler' initialized from default resource file in Quartz package: 'quartz.properties'
INFO main org.quartz.impl.StdSchedulerFactory - Quartz scheduler version: 2.2.1
INFO main org.quartz.core.QuartzScheduler - Scheduler SiteMonitoringScheduler_$_NON_CLUSTERED started.
DEBUG SiteMonitoringScheduler_QuartzSchedulerThread org.quartz.core.QuartzSchedulerThread - batch acquisition of 0 triggers
DEBUG Timer-0 org.quartz.utils.UpdateChecker - Checking for available updated version of Quartz...
DEBUG SiteMonitoringScheduler_QuartzSchedulerThread org.quartz.core.QuartzSchedulerThread - batch acquisition of 0 triggers
DEBUG SiteMonitoringScheduler_QuartzSchedulerThread org.quartz.core.QuartzSchedulerThread - batch acquisition of 0 triggers
INFO main org.kgsnipes.site.Main - No config file found
INFO main org.quartz.impl.StdSchedulerFactory - Using default implementation for ThreadExecutor
INFO main org.quartz.core.SchedulerSignalerImpl - Initialized Scheduler Signaller of type: class org.quartz.core.SchedulerSignalerImpl
INFO main org.quartz.core.QuartzScheduler - Quartz Scheduler v.2.2.1 created.
INFO main org.quartz.simpl.RAMJobStore - RAMJobStore initialized.
INFO main org.quartz.core.QuartzScheduler - Scheduler meta-data: Quartz Scheduler (v2.2.1) 'SiteMonitoringScheduler' with instanceId 'NON_CLUSTERED'
  Scheduler class: 'org.quartz.core.QuartzScheduler' - running locally.
  NOT STARTED.
  Currently in standby mode.
  Number of jobs executed: 0
  Using thread pool 'org.quartz.simpl.SimpleThreadPool' - with 50 threads.
  Using job-store 'org.quartz.simpl.RAMJobStore' - which does not support persistence. and is not clustered.

INFO main org.quartz.impl.StdSchedulerFactory - Quartz scheduler 'SiteMonitoringScheduler' initialized from default resource file in Quartz package: 'quartz.properties'
INFO main org.quartz.impl.StdSchedulerFactory - Quartz scheduler version: 2.2.1
INFO main org.quartz.core.QuartzScheduler - Scheduler SiteMonitoringScheduler_$_NON_CLUSTERED started.
DEBUG SiteMonitoringScheduler_QuartzSchedulerThread org.quartz.core.QuartzSchedulerThread - batch acquisition of 0 triggers
DEBUG Timer-0 org.quartz.utils.UpdateChecker - Checking for available updated version of Quartz...
INFO main org.kgsnipes.site.Main - No config file found
INFO main org.quartz.impl.StdSchedulerFactory - Using default implementation for ThreadExecutor
INFO main org.quartz.core.SchedulerSignalerImpl - Initialized Scheduler Signaller of type: class org.quartz.core.SchedulerSignalerImpl
INFO main org.quartz.core.QuartzScheduler - Quartz Scheduler v.2.2.1 created.
INFO main org.quartz.simpl.RAMJobStore - RAMJobStore initialized.
INFO main org.quartz.core.QuartzScheduler - Scheduler meta-data: Quartz Scheduler (v2.2.1) 'SiteMonitoringScheduler' with instanceId 'NON_CLUSTERED'
  Scheduler class: 'org.quartz.core.QuartzScheduler' - running locally.
  NOT STARTED.
  Currently in standby mode.
  Number of jobs executed: 0
  Using thread pool 'org.quartz.simpl.SimpleThreadPool' - with 50 threads.
  Using job-store 'org.quartz.simpl.RAMJobStore' - which does not support persistence. and is not clustered.

INFO main org.quartz.impl.StdSchedulerFactory - Quartz scheduler 'SiteMonitoringScheduler' initialized from default resource file in Quartz package: 'quartz.properties'
INFO main org.quartz.impl.StdSchedulerFactory - Quartz scheduler version: 2.2.1
INFO main org.quartz.core.QuartzScheduler - Scheduler SiteMonitoringScheduler_$_NON_CLUSTERED started.
DEBUG SiteMonitoringScheduler_QuartzSchedulerThread org.quartz.core.QuartzSchedulerThread - batch acquisition of 0 triggers
DEBUG Timer-0 org.quartz.utils.UpdateChecker - Checking for available updated version of Quartz...
INFO main org.kgsnipes.site.Main - The config filenull
ERROR main org.kgsnipes.site.Main - Application Hit An Exception
java.lang.NullPointerException
	at java.io.File.<init>(Unknown Source)
	at org.kgsnipes.site.Main.readConfig(Main.java:51)
	at org.kgsnipes.site.Main.main(Main.java:27)
INFO main org.kgsnipes.site.Main - The config fileD:\Users\kaushik.ganguly\my_workspace\SiteMonitoringTool\config\SiteMonitorConfig.xml
INFO main org.quartz.impl.StdSchedulerFactory - Using default implementation for ThreadExecutor
INFO main org.quartz.core.SchedulerSignalerImpl - Initialized Scheduler Signaller of type: class org.quartz.core.SchedulerSignalerImpl
INFO main org.quartz.core.QuartzScheduler - Quartz Scheduler v.2.2.1 created.
INFO main org.quartz.simpl.RAMJobStore - RAMJobStore initialized.
INFO main org.quartz.core.QuartzScheduler - Scheduler meta-data: Quartz Scheduler (v2.2.1) 'SiteMonitoringScheduler' with instanceId 'NON_CLUSTERED'
  Scheduler class: 'org.quartz.core.QuartzScheduler' - running locally.
  NOT STARTED.
  Currently in standby mode.
  Number of jobs executed: 0
  Using thread pool 'org.quartz.simpl.SimpleThreadPool' - with 50 threads.
  Using job-store 'org.quartz.simpl.RAMJobStore' - which does not support persistence. and is not clustered.

INFO main org.quartz.impl.StdSchedulerFactory - Quartz scheduler 'SiteMonitoringScheduler' initialized from default resource file in Quartz package: 'quartz.properties'
INFO main org.quartz.impl.StdSchedulerFactory - Quartz scheduler version: 2.2.1
INFO main org.quartz.core.QuartzScheduler - Scheduler SiteMonitoringScheduler_$_NON_CLUSTERED started.
DEBUG SiteMonitoringScheduler_QuartzSchedulerThread org.quartz.core.QuartzSchedulerThread - batch acquisition of 0 triggers
DEBUG Timer-0 org.quartz.utils.UpdateChecker - Checking for available updated version of Quartz...
INFO main org.kgsnipes.site.Main - The config file D:\Users\kaushik.ganguly\my_workspace\SiteMonitoringTool\config\SiteMonitorConfig.xml
INFO main org.kgsnipes.site.Main - No such config file found D:\Users\kaushik.ganguly\my_workspace\SiteMonitoringTool\config\SiteMonitorConfig.xml
INFO main org.kgsnipes.site.Main - The config file D:\Users\kaushik.ganguly\my_workspace\SiteMonitoringTool\config\SiteMonitorConfig.xml
INFO main org.kgsnipes.site.Main - No such config file found D:\Users\kaushik.ganguly\my_workspace\SiteMonitoringTool\config\SiteMonitorConfig.xml
INFO main org.quartz.impl.StdSchedulerFactory - Using default implementation for ThreadExecutor
INFO main org.quartz.core.SchedulerSignalerImpl - Initialized Scheduler Signaller of type: class org.quartz.core.SchedulerSignalerImpl
INFO main org.quartz.core.QuartzScheduler - Quartz Scheduler v.2.2.1 created.
INFO main org.quartz.simpl.RAMJobStore - RAMJobStore initialized.
INFO main org.quartz.core.QuartzScheduler - Scheduler meta-data: Quartz Scheduler (v2.2.1) 'SiteMonitoringScheduler' with instanceId 'NON_CLUSTERED'
  Scheduler class: 'org.quartz.core.QuartzScheduler' - running locally.
  NOT STARTED.
  Currently in standby mode.
  Number of jobs executed: 0
  Using thread pool 'org.quartz.simpl.SimpleThreadPool' - with 50 threads.
  Using job-store 'org.quartz.simpl.RAMJobStore' - which does not support persistence. and is not clustered.

INFO main org.quartz.impl.StdSchedulerFactory - Quartz scheduler 'SiteMonitoringScheduler' initialized from default resource file in Quartz package: 'quartz.properties'
INFO main org.quartz.impl.StdSchedulerFactory - Quartz scheduler version: 2.2.1
INFO main org.quartz.core.QuartzScheduler - Scheduler SiteMonitoringScheduler_$_NON_CLUSTERED started.
DEBUG SiteMonitoringScheduler_QuartzSchedulerThread org.quartz.core.QuartzSchedulerThread - batch acquisition of 0 triggers
ERROR main org.kgsnipes.site.Main - Application Hit An Exception
java.lang.NullPointerException
	at org.kgsnipes.site.util.SiteMonitorConfig.getSiteURLConfigs(SiteMonitorConfig.java:58)
	at org.kgsnipes.site.util.SiteMonitorUtil.scheduleSiteURLJob(SiteMonitorUtil.java:87)
	at org.kgsnipes.site.util.SiteMonitorUtil.createJobsAndSchedule(SiteMonitorUtil.java:79)
	at org.kgsnipes.site.Main.startSchedulingJobs(Main.java:134)
	at org.kgsnipes.site.Main.main(Main.java:41)
DEBUG Timer-0 org.quartz.utils.UpdateChecker - Checking for available updated version of Quartz...
DEBUG SiteMonitoringScheduler_QuartzSchedulerThread org.quartz.core.QuartzSchedulerThread - batch acquisition of 0 triggers
INFO main org.kgsnipes.site.Main - The config file D:\Users\kaushik.ganguly\my_workspace\SiteMonitoringTool\config\SiteMonitorConfig.xml
INFO main org.kgsnipes.site.Main - No such config file found D:\Users\kaushik.ganguly\my_workspace\SiteMonitoringTool\config\SiteMonitorConfig.xml
INFO main org.kgsnipes.site.Main - The config file D:\Users\kaushik.ganguly\my_workspace\SiteMonitoringTool\config\SiteMonitorConfig.xml
INFO main org.kgsnipes.site.Main - No such config file found D:\Users\kaushik.ganguly\my_workspace\SiteMonitoringTool\config\SiteMonitorConfig.xml
INFO main org.quartz.impl.StdSchedulerFactory - Using default implementation for ThreadExecutor
INFO main org.quartz.core.SchedulerSignalerImpl - Initialized Scheduler Signaller of type: class org.quartz.core.SchedulerSignalerImpl
INFO main org.quartz.core.QuartzScheduler - Quartz Scheduler v.2.2.1 created.
INFO main org.quartz.simpl.RAMJobStore - RAMJobStore initialized.
INFO main org.quartz.core.QuartzScheduler - Scheduler meta-data: Quartz Scheduler (v2.2.1) 'SiteMonitoringScheduler' with instanceId 'NON_CLUSTERED'
  Scheduler class: 'org.quartz.core.QuartzScheduler' - running locally.
  NOT STARTED.
  Currently in standby mode.
  Number of jobs executed: 0
  Using thread pool 'org.quartz.simpl.SimpleThreadPool' - with 50 threads.
  Using job-store 'org.quartz.simpl.RAMJobStore' - which does not support persistence. and is not clustered.

INFO main org.quartz.impl.StdSchedulerFactory - Quartz scheduler 'SiteMonitoringScheduler' initialized from default resource file in Quartz package: 'quartz.properties'
INFO main org.quartz.impl.StdSchedulerFactory - Quartz scheduler version: 2.2.1
INFO main org.quartz.core.QuartzScheduler - Scheduler SiteMonitoringScheduler_$_NON_CLUSTERED started.
ERROR main org.kgsnipes.site.Main - Application Hit An Exception
java.lang.NullPointerException
	at org.kgsnipes.site.util.SiteMonitorConfig.getSiteURLConfigs(SiteMonitorConfig.java:58)
	at org.kgsnipes.site.util.SiteMonitorUtil.scheduleSiteURLJob(SiteMonitorUtil.java:87)
	at org.kgsnipes.site.util.SiteMonitorUtil.createJobsAndSchedule(SiteMonitorUtil.java:79)
	at org.kgsnipes.site.Main.startSchedulingJobs(Main.java:134)
	at org.kgsnipes.site.Main.main(Main.java:41)
DEBUG SiteMonitoringScheduler_QuartzSchedulerThread org.quartz.core.QuartzSchedulerThread - batch acquisition of 0 triggers
DEBUG Timer-0 org.quartz.utils.UpdateChecker - Checking for available updated version of Quartz...
INFO main org.kgsnipes.site.Main - No config file mentioned
INFO main org.kgsnipes.site.Main - No config file mentioned
INFO main org.quartz.impl.StdSchedulerFactory - Using default implementation for ThreadExecutor
INFO main org.quartz.core.SchedulerSignalerImpl - Initialized Scheduler Signaller of type: class org.quartz.core.SchedulerSignalerImpl
INFO main org.quartz.core.QuartzScheduler - Quartz Scheduler v.2.2.1 created.
INFO main org.quartz.simpl.RAMJobStore - RAMJobStore initialized.
INFO main org.quartz.core.QuartzScheduler - Scheduler meta-data: Quartz Scheduler (v2.2.1) 'SiteMonitoringScheduler' with instanceId 'NON_CLUSTERED'
  Scheduler class: 'org.quartz.core.QuartzScheduler' - running locally.
  NOT STARTED.
  Currently in standby mode.
  Number of jobs executed: 0
  Using thread pool 'org.quartz.simpl.SimpleThreadPool' - with 50 threads.
  Using job-store 'org.quartz.simpl.RAMJobStore' - which does not support persistence. and is not clustered.

INFO main org.quartz.impl.StdSchedulerFactory - Quartz scheduler 'SiteMonitoringScheduler' initialized from default resource file in Quartz package: 'quartz.properties'
INFO main org.quartz.impl.StdSchedulerFactory - Quartz scheduler version: 2.2.1
INFO main org.quartz.core.QuartzScheduler - Scheduler SiteMonitoringScheduler_$_NON_CLUSTERED started.
DEBUG SiteMonitoringScheduler_QuartzSchedulerThread org.quartz.core.QuartzSchedulerThread - batch acquisition of 0 triggers
ERROR main org.kgsnipes.site.Main - Application Hit An Exception
java.lang.NullPointerException
	at org.kgsnipes.site.util.SiteMonitorConfig.getSiteURLConfigs(SiteMonitorConfig.java:58)
	at org.kgsnipes.site.util.SiteMonitorUtil.scheduleSiteURLJob(SiteMonitorUtil.java:87)
	at org.kgsnipes.site.util.SiteMonitorUtil.createJobsAndSchedule(SiteMonitorUtil.java:79)
	at org.kgsnipes.site.Main.startSchedulingJobs(Main.java:134)
	at org.kgsnipes.site.Main.main(Main.java:41)
DEBUG Timer-0 org.quartz.utils.UpdateChecker - Checking for available updated version of Quartz...
INFO main org.kgsnipes.site.Main - The config file D:\Users\kaushik.ganguly\Documents\GitHub\SiteMonitor\SiteMonitoringTool\config\SiteMonitorConfig.xml
INFO main org.kgsnipes.site.Main - The config file D:\Users\kaushik.ganguly\Documents\GitHub\SiteMonitor\SiteMonitoringTool\config\SiteMonitorConfig.xml
INFO main org.quartz.impl.StdSchedulerFactory - Using default implementation for ThreadExecutor
INFO main org.quartz.core.SchedulerSignalerImpl - Initialized Scheduler Signaller of type: class org.quartz.core.SchedulerSignalerImpl
INFO main org.quartz.core.QuartzScheduler - Quartz Scheduler v.2.2.1 created.
INFO main org.quartz.simpl.RAMJobStore - RAMJobStore initialized.
INFO main org.quartz.core.QuartzScheduler - Scheduler meta-data: Quartz Scheduler (v2.2.1) 'SiteMonitoringScheduler' with instanceId 'NON_CLUSTERED'
  Scheduler class: 'org.quartz.core.QuartzScheduler' - running locally.
  NOT STARTED.
  Currently in standby mode.
  Number of jobs executed: 0
  Using thread pool 'org.quartz.simpl.SimpleThreadPool' - with 50 threads.
  Using job-store 'org.quartz.simpl.RAMJobStore' - which does not support persistence. and is not clustered.

INFO main org.quartz.impl.StdSchedulerFactory - Quartz scheduler 'SiteMonitoringScheduler' initialized from default resource file in Quartz package: 'quartz.properties'
INFO main org.quartz.impl.StdSchedulerFactory - Quartz scheduler version: 2.2.1
INFO main org.quartz.core.QuartzScheduler - Scheduler SiteMonitoringScheduler_$_NON_CLUSTERED started.
DEBUG SiteMonitoringScheduler_QuartzSchedulerThread org.quartz.core.QuartzSchedulerThread - batch acquisition of 0 triggers
DEBUG SiteMonitoringScheduler_QuartzSchedulerThread org.quartz.core.QuartzSchedulerThread - batch acquisition of 1 triggers
DEBUG SiteMonitoringScheduler_QuartzSchedulerThread org.quartz.simpl.PropertySettingJobFactory - Producing instance of Job 'SiteMonitoringScheduler.jobhttp://bsn-supplements.com/en-gb', class=org.kgsnipes.site.jobs.SiteURLJob
DEBUG SiteMonitoringScheduler_QuartzSchedulerThread org.quartz.core.QuartzSchedulerThread - batch acquisition of 0 triggers
DEBUG SiteMonitoringScheduler_Worker-1 org.quartz.core.JobRunShell - Calling execute on job SiteMonitoringScheduler.jobhttp://bsn-supplements.com/en-gb
DEBUG Timer-0 org.quartz.utils.UpdateChecker - Checking for available updated version of Quartz...
ERROR SiteMonitoringScheduler_Worker-1 org.quartz.core.JobRunShell - Job SiteMonitoringScheduler.jobhttp://bsn-supplements.com/en-gb threw an unhandled Exception: 
java.lang.NoClassDefFoundError: org/apache/commons/logging/LogFactory
	at org.apache.http.conn.ssl.AbstractVerifier.<init>(AbstractVerifier.java:82)
	at org.apache.http.conn.ssl.AllowAllHostnameVerifier.<init>(AllowAllHostnameVerifier.java:40)
	at org.apache.http.conn.ssl.SSLConnectionSocketFactory.<clinit>(SSLConnectionSocketFactory.java:124)
	at org.apache.http.impl.client.HttpClientBuilder.build(HttpClientBuilder.java:708)
	at org.apache.http.impl.client.HttpClients.createDefault(HttpClients.java:58)
	at org.kgsnipes.site.jobs.SiteURLJob.execute(SiteURLJob.java:40)
	at org.quartz.core.JobRunShell.run(JobRunShell.java:202)
	at org.quartz.simpl.SimpleThreadPool$WorkerThread.run(SimpleThreadPool.java:573)
Caused by: java.lang.ClassNotFoundException: org.apache.commons.logging.LogFactory
	at java.net.URLClassLoader$1.run(Unknown Source)
	at java.net.URLClassLoader$1.run(Unknown Source)
	at java.security.AccessController.doPrivileged(Native Method)
	at java.net.URLClassLoader.findClass(Unknown Source)
	at java.lang.ClassLoader.loadClass(Unknown Source)
	at sun.misc.Launcher$AppClassLoader.loadClass(Unknown Source)
	at java.lang.ClassLoader.loadClass(Unknown Source)
	... 8 more
ERROR SiteMonitoringScheduler_Worker-1 org.quartz.core.ErrorLogger - Job (SiteMonitoringScheduler.jobhttp://bsn-supplements.com/en-gb threw an exception.
org.quartz.SchedulerException: Job threw an unhandled exception. [See nested exception: java.lang.NoClassDefFoundError: org/apache/commons/logging/LogFactory]
	at org.quartz.core.JobRunShell.run(JobRunShell.java:213)
	at org.quartz.simpl.SimpleThreadPool$WorkerThread.run(SimpleThreadPool.java:573)
Caused by: java.lang.NoClassDefFoundError: org/apache/commons/logging/LogFactory
	at org.apache.http.conn.ssl.AbstractVerifier.<init>(AbstractVerifier.java:82)
	at org.apache.http.conn.ssl.AllowAllHostnameVerifier.<init>(AllowAllHostnameVerifier.java:40)
	at org.apache.http.conn.ssl.SSLConnectionSocketFactory.<clinit>(SSLConnectionSocketFactory.java:124)
	at org.apache.http.impl.client.HttpClientBuilder.build(HttpClientBuilder.java:708)
	at org.apache.http.impl.client.HttpClients.createDefault(HttpClients.java:58)
	at org.kgsnipes.site.jobs.SiteURLJob.execute(SiteURLJob.java:40)
	at org.quartz.core.JobRunShell.run(JobRunShell.java:202)
	... 1 more
Caused by: java.lang.ClassNotFoundException: org.apache.commons.logging.LogFactory
	at java.net.URLClassLoader$1.run(Unknown Source)
	at java.net.URLClassLoader$1.run(Unknown Source)
	at java.security.AccessController.doPrivileged(Native Method)
	at java.net.URLClassLoader.findClass(Unknown Source)
	at java.lang.ClassLoader.loadClass(Unknown Source)
	at sun.misc.Launcher$AppClassLoader.loadClass(Unknown Source)
	at java.lang.ClassLoader.loadClass(Unknown Source)
	... 8 more
DEBUG SiteMonitoringScheduler_QuartzSchedulerThread org.quartz.core.QuartzSchedulerThread - batch acquisition of 0 triggers
DEBUG SiteMonitoringScheduler_QuartzSchedulerThread org.quartz.core.QuartzSchedulerThread - batch acquisition of 0 triggers
DEBUG SiteMonitoringScheduler_QuartzSchedulerThread org.quartz.core.QuartzSchedulerThread - batch acquisition of 0 triggers
DEBUG SiteMonitoringScheduler_QuartzSchedulerThread org.quartz.core.QuartzSchedulerThread - batch acquisition of 0 triggers
DEBUG SiteMonitoringScheduler_QuartzSchedulerThread org.quartz.core.QuartzSchedulerThread - batch acquisition of 0 triggers
DEBUG SiteMonitoringScheduler_QuartzSchedulerThread org.quartz.core.QuartzSchedulerThread - batch acquisition of 0 triggers
INFO main org.kgsnipes.site.Main - The config file D:\Users\kaushik.ganguly\Documents\GitHub\SiteMonitor\SiteMonitoringTool\config\SiteMonitorConfig.xml
INFO main org.kgsnipes.site.Main - The config file D:\Users\kaushik.ganguly\Documents\GitHub\SiteMonitor\SiteMonitoringTool\config\SiteMonitorConfig.xml
INFO main org.quartz.impl.StdSchedulerFactory - Using default implementation for ThreadExecutor
INFO main org.quartz.core.SchedulerSignalerImpl - Initialized Scheduler Signaller of type: class org.quartz.core.SchedulerSignalerImpl
INFO main org.quartz.core.QuartzScheduler - Quartz Scheduler v.2.2.1 created.
INFO main org.quartz.simpl.RAMJobStore - RAMJobStore initialized.
INFO main org.quartz.core.QuartzScheduler - Scheduler meta-data: Quartz Scheduler (v2.2.1) 'SiteMonitoringScheduler' with instanceId 'NON_CLUSTERED'
  Scheduler class: 'org.quartz.core.QuartzScheduler' - running locally.
  NOT STARTED.
  Currently in standby mode.
  Number of jobs executed: 0
  Using thread pool 'org.quartz.simpl.SimpleThreadPool' - with 50 threads.
  Using job-store 'org.quartz.simpl.RAMJobStore' - which does not support persistence. and is not clustered.

INFO main org.quartz.impl.StdSchedulerFactory - Quartz scheduler 'SiteMonitoringScheduler' initialized from default resource file in Quartz package: 'quartz.properties'
INFO main org.quartz.impl.StdSchedulerFactory - Quartz scheduler version: 2.2.1
INFO main org.quartz.core.QuartzScheduler - Scheduler SiteMonitoringScheduler_$_NON_CLUSTERED started.
DEBUG SiteMonitoringScheduler_QuartzSchedulerThread org.quartz.core.QuartzSchedulerThread - batch acquisition of 0 triggers
DEBUG SiteMonitoringScheduler_QuartzSchedulerThread org.quartz.core.QuartzSchedulerThread - batch acquisition of 1 triggers
DEBUG SiteMonitoringScheduler_QuartzSchedulerThread org.quartz.simpl.PropertySettingJobFactory - Producing instance of Job 'SiteMonitoringScheduler.jobhttp://bsn-supplements.com/en-gb', class=org.kgsnipes.site.jobs.SiteURLJob
DEBUG SiteMonitoringScheduler_QuartzSchedulerThread org.quartz.core.QuartzSchedulerThread - batch acquisition of 0 triggers
DEBUG SiteMonitoringScheduler_Worker-1 org.quartz.core.JobRunShell - Calling execute on job SiteMonitoringScheduler.jobhttp://bsn-supplements.com/en-gb
DEBUG Timer-0 org.quartz.utils.UpdateChecker - Checking for available updated version of Quartz...
INFO SiteMonitoringScheduler_Worker-1 org.kgsnipes.site.jobs.SiteURLJob - {"pollCount":1,"successCount":0,"failureCount":1,"interval":600,"threshold":300,"lastFailurePoint":1402648956208,"lastFailureNotified":null,"errorPercentage":100.0,"successPercentage":null,"uri":"http://bsn-supplements.com/en-gb"}
DEBUG SiteMonitoringScheduler_Worker-1 org.apache.http.impl.conn.PoolingHttpClientConnectionManager - Connection manager is shutting down
DEBUG SiteMonitoringScheduler_Worker-1 org.apache.http.impl.conn.PoolingHttpClientConnectionManager - Connection manager shut down
ERROR SiteMonitoringScheduler_Worker-1 org.quartz.core.JobRunShell - Job SiteMonitoringScheduler.jobhttp://bsn-supplements.com/en-gb threw an unhandled Exception: 
java.lang.NoClassDefFoundError: javax/mail/internet/AddressException
	at org.kgsnipes.site.util.SiteMonitorUtil.sendMail(SiteMonitorUtil.java:186)
	at org.kgsnipes.site.jobs.SiteURLJob.execute(SiteURLJob.java:85)
	at org.quartz.core.JobRunShell.run(JobRunShell.java:202)
	at org.quartz.simpl.SimpleThreadPool$WorkerThread.run(SimpleThreadPool.java:573)
Caused by: java.lang.ClassNotFoundException: javax.mail.internet.AddressException
	at java.net.URLClassLoader$1.run(Unknown Source)
	at java.net.URLClassLoader$1.run(Unknown Source)
	at java.security.AccessController.doPrivileged(Native Method)
	at java.net.URLClassLoader.findClass(Unknown Source)
	at java.lang.ClassLoader.loadClass(Unknown Source)
	at sun.misc.Launcher$AppClassLoader.loadClass(Unknown Source)
	at java.lang.ClassLoader.loadClass(Unknown Source)
	... 4 more
ERROR SiteMonitoringScheduler_Worker-1 org.quartz.core.ErrorLogger - Job (SiteMonitoringScheduler.jobhttp://bsn-supplements.com/en-gb threw an exception.
org.quartz.SchedulerException: Job threw an unhandled exception. [See nested exception: java.lang.NoClassDefFoundError: javax/mail/internet/AddressException]
	at org.quartz.core.JobRunShell.run(JobRunShell.java:213)
	at org.quartz.simpl.SimpleThreadPool$WorkerThread.run(SimpleThreadPool.java:573)
Caused by: java.lang.NoClassDefFoundError: javax/mail/internet/AddressException
	at org.kgsnipes.site.util.SiteMonitorUtil.sendMail(SiteMonitorUtil.java:186)
	at org.kgsnipes.site.jobs.SiteURLJob.execute(SiteURLJob.java:85)
	at org.quartz.core.JobRunShell.run(JobRunShell.java:202)
	... 1 more
Caused by: java.lang.ClassNotFoundException: javax.mail.internet.AddressException
	at java.net.URLClassLoader$1.run(Unknown Source)
	at java.net.URLClassLoader$1.run(Unknown Source)
	at java.security.AccessController.doPrivileged(Native Method)
	at java.net.URLClassLoader.findClass(Unknown Source)
	at java.lang.ClassLoader.loadClass(Unknown Source)
	at sun.misc.Launcher$AppClassLoader.loadClass(Unknown Source)
	at java.lang.ClassLoader.loadClass(Unknown Source)
	... 4 more
DEBUG SiteMonitoringScheduler_QuartzSchedulerThread org.quartz.core.QuartzSchedulerThread - batch acquisition of 0 triggers
DEBUG SiteMonitoringScheduler_QuartzSchedulerThread org.quartz.core.QuartzSchedulerThread - batch acquisition of 0 triggers
DEBUG SiteMonitoringScheduler_QuartzSchedulerThread org.quartz.core.QuartzSchedulerThread - batch acquisition of 0 triggers
DEBUG SiteMonitoringScheduler_QuartzSchedulerThread org.quartz.core.QuartzSchedulerThread - batch acquisition of 0 triggers
DEBUG SiteMonitoringScheduler_QuartzSchedulerThread org.quartz.core.QuartzSchedulerThread - batch acquisition of 0 triggers
INFO main org.kgsnipes.site.Main - The config file D:\Users\kaushik.ganguly\Documents\GitHub\SiteMonitor\SiteMonitoringTool\config\SiteMonitorConfig.xml
INFO main org.kgsnipes.site.Main - The config file D:\Users\kaushik.ganguly\Documents\GitHub\SiteMonitor\SiteMonitoringTool\config\SiteMonitorConfig.xml
INFO main org.quartz.impl.StdSchedulerFactory - Using default implementation for ThreadExecutor
INFO main org.quartz.core.SchedulerSignalerImpl - Initialized Scheduler Signaller of type: class org.quartz.core.SchedulerSignalerImpl
INFO main org.quartz.core.QuartzScheduler - Quartz Scheduler v.2.2.1 created.
INFO main org.quartz.simpl.RAMJobStore - RAMJobStore initialized.
INFO main org.quartz.core.QuartzScheduler - Scheduler meta-data: Quartz Scheduler (v2.2.1) 'SiteMonitoringScheduler' with instanceId 'NON_CLUSTERED'
  Scheduler class: 'org.quartz.core.QuartzScheduler' - running locally.
  NOT STARTED.
  Currently in standby mode.
  Number of jobs executed: 0
  Using thread pool 'org.quartz.simpl.SimpleThreadPool' - with 50 threads.
  Using job-store 'org.quartz.simpl.RAMJobStore' - which does not support persistence. and is not clustered.

INFO main org.quartz.impl.StdSchedulerFactory - Quartz scheduler 'SiteMonitoringScheduler' initialized from default resource file in Quartz package: 'quartz.properties'
INFO main org.quartz.impl.StdSchedulerFactory - Quartz scheduler version: 2.2.1
INFO main org.quartz.core.QuartzScheduler - Scheduler SiteMonitoringScheduler_$_NON_CLUSTERED started.
DEBUG SiteMonitoringScheduler_QuartzSchedulerThread org.quartz.core.QuartzSchedulerThread - batch acquisition of 0 triggers
DEBUG SiteMonitoringScheduler_QuartzSchedulerThread org.quartz.core.QuartzSchedulerThread - batch acquisition of 1 triggers
DEBUG SiteMonitoringScheduler_QuartzSchedulerThread org.quartz.simpl.PropertySettingJobFactory - Producing instance of Job 'SiteMonitoringScheduler.jobhttp://bsn-supplements.com/en-gb', class=org.kgsnipes.site.jobs.SiteURLJob
DEBUG SiteMonitoringScheduler_QuartzSchedulerThread org.quartz.core.QuartzSchedulerThread - batch acquisition of 0 triggers
DEBUG SiteMonitoringScheduler_Worker-1 org.quartz.core.JobRunShell - Calling execute on job SiteMonitoringScheduler.jobhttp://bsn-supplements.com/en-gb
DEBUG Timer-0 org.quartz.utils.UpdateChecker - Checking for available updated version of Quartz...
DEBUG SiteMonitoringScheduler_QuartzSchedulerThread org.quartz.core.QuartzSchedulerThread - batch acquisition of 0 triggers
DEBUG SiteMonitoringScheduler_QuartzSchedulerThread org.quartz.core.QuartzSchedulerThread - batch acquisition of 0 triggers
ERROR SiteMonitoringScheduler_Worker-1 org.kgsnipes.site.jobs.SiteURLJob - exception occured
java.lang.NullPointerException
	at java.net.URI$Parser.parse(Unknown Source)
	at java.net.URI.<init>(Unknown Source)
	at java.net.URI.create(Unknown Source)
	at org.apache.http.client.methods.HttpGet.<init>(HttpGet.java:69)
	at org.kgsnipes.site.jobs.SiteURLJob.execute(SiteURLJob.java:42)
	at org.quartz.core.JobRunShell.run(JobRunShell.java:202)
	at org.quartz.simpl.SimpleThreadPool$WorkerThread.run(SimpleThreadPool.java:573)
INFO SiteMonitoringScheduler_Worker-1 org.kgsnipes.site.jobs.SiteURLJob - {"pollCount":1,"successCount":0,"failureCount":1,"interval":600,"threshold":300,"lastFailurePoint":1402649100588,"lastFailureNotified":false,"errorPercentage":100.0,"successPercentage":null,"uri":"http://bsn-supplements.com/en-gb"}
DEBUG SiteMonitoringScheduler_Worker-1 org.apache.http.impl.conn.PoolingHttpClientConnectionManager - Connection manager is shutting down
DEBUG SiteMonitoringScheduler_Worker-1 org.apache.http.impl.conn.PoolingHttpClientConnectionManager - Connection manager shut down
DEBUG SiteMonitoringScheduler_QuartzSchedulerThread org.quartz.core.QuartzSchedulerThread - batch acquisition of 0 triggers
DEBUG SiteMonitoringScheduler_QuartzSchedulerThread org.quartz.core.QuartzSchedulerThread - batch acquisition of 0 triggers
DEBUG SiteMonitoringScheduler_QuartzSchedulerThread org.quartz.core.QuartzSchedulerThread - batch acquisition of 0 triggers
INFO main org.kgsnipes.site.Main - The config file D:\Users\kaushik.ganguly\Documents\GitHub\SiteMonitor\SiteMonitoringTool\config\SiteMonitorConfig.xml
INFO main org.kgsnipes.site.Main - The config file D:\Users\kaushik.ganguly\Documents\GitHub\SiteMonitor\SiteMonitoringTool\config\SiteMonitorConfig.xml
INFO main org.quartz.impl.StdSchedulerFactory - Using default implementation for ThreadExecutor
INFO main org.quartz.core.SchedulerSignalerImpl - Initialized Scheduler Signaller of type: class org.quartz.core.SchedulerSignalerImpl
INFO main org.quartz.core.QuartzScheduler - Quartz Scheduler v.2.2.1 created.
INFO main org.quartz.simpl.RAMJobStore - RAMJobStore initialized.
INFO main org.quartz.core.QuartzScheduler - Scheduler meta-data: Quartz Scheduler (v2.2.1) 'SiteMonitoringScheduler' with instanceId 'NON_CLUSTERED'
  Scheduler class: 'org.quartz.core.QuartzScheduler' - running locally.
  NOT STARTED.
  Currently in standby mode.
  Number of jobs executed: 0
  Using thread pool 'org.quartz.simpl.SimpleThreadPool' - with 50 threads.
  Using job-store 'org.quartz.simpl.RAMJobStore' - which does not support persistence. and is not clustered.

INFO main org.quartz.impl.StdSchedulerFactory - Quartz scheduler 'SiteMonitoringScheduler' initialized from default resource file in Quartz package: 'quartz.properties'
INFO main org.quartz.impl.StdSchedulerFactory - Quartz scheduler version: 2.2.1
INFO main org.quartz.core.QuartzScheduler - Scheduler SiteMonitoringScheduler_$_NON_CLUSTERED started.
DEBUG SiteMonitoringScheduler_QuartzSchedulerThread org.quartz.core.QuartzSchedulerThread - batch acquisition of 0 triggers
DEBUG SiteMonitoringScheduler_QuartzSchedulerThread org.quartz.core.QuartzSchedulerThread - batch acquisition of 1 triggers
DEBUG SiteMonitoringScheduler_QuartzSchedulerThread org.quartz.simpl.PropertySettingJobFactory - Producing instance of Job 'SiteMonitoringScheduler.jobhttp://bsn-supplements.com/en-gb', class=org.kgsnipes.site.jobs.SiteURLJob
DEBUG SiteMonitoringScheduler_QuartzSchedulerThread org.quartz.core.QuartzSchedulerThread - batch acquisition of 0 triggers
DEBUG SiteMonitoringScheduler_Worker-1 org.quartz.core.JobRunShell - Calling execute on job SiteMonitoringScheduler.jobhttp://bsn-supplements.com/en-gb
DEBUG Timer-0 org.quartz.utils.UpdateChecker - Checking for available updated version of Quartz...
ERROR SiteMonitoringScheduler_Worker-1 org.kgsnipes.site.jobs.SiteURLJob - exception occured
java.lang.NullPointerException
	at java.net.URI$Parser.parse(Unknown Source)
	at java.net.URI.<init>(Unknown Source)
	at java.net.URI.create(Unknown Source)
	at org.apache.http.client.methods.HttpGet.<init>(HttpGet.java:69)
	at org.kgsnipes.site.jobs.SiteURLJob.execute(SiteURLJob.java:42)
	at org.quartz.core.JobRunShell.run(JobRunShell.java:202)
	at org.quartz.simpl.SimpleThreadPool$WorkerThread.run(SimpleThreadPool.java:573)
INFO SiteMonitoringScheduler_Worker-1 org.kgsnipes.site.jobs.SiteURLJob - {"pollCount":1,"successCount":0,"failureCount":1,"interval":600,"threshold":300,"lastFailurePoint":1402649287510,"lastFailureNotified":false,"errorPercentage":100.0,"successPercentage":null,"uri":"http://bsn-supplements.com/en-gb"}
DEBUG SiteMonitoringScheduler_Worker-1 org.apache.http.impl.conn.PoolingHttpClientConnectionManager - Connection manager is shutting down
DEBUG SiteMonitoringScheduler_Worker-1 org.apache.http.impl.conn.PoolingHttpClientConnectionManager - Connection manager shut down
DEBUG SiteMonitoringScheduler_QuartzSchedulerThread org.quartz.core.QuartzSchedulerThread - batch acquisition of 0 triggers
INFO main org.kgsnipes.site.Main - The config file D:\Users\kaushik.ganguly\Documents\GitHub\SiteMonitor\SiteMonitoringTool\config\SiteMonitorConfig.xml
INFO main org.kgsnipes.site.Main - The config file D:\Users\kaushik.ganguly\Documents\GitHub\SiteMonitor\SiteMonitoringTool\config\SiteMonitorConfig.xml
INFO main org.quartz.impl.StdSchedulerFactory - Using default implementation for ThreadExecutor
INFO main org.quartz.core.SchedulerSignalerImpl - Initialized Scheduler Signaller of type: class org.quartz.core.SchedulerSignalerImpl
INFO main org.quartz.core.QuartzScheduler - Quartz Scheduler v.2.2.1 created.
INFO main org.quartz.simpl.RAMJobStore - RAMJobStore initialized.
INFO main org.quartz.core.QuartzScheduler - Scheduler meta-data: Quartz Scheduler (v2.2.1) 'SiteMonitoringScheduler' with instanceId 'NON_CLUSTERED'
  Scheduler class: 'org.quartz.core.QuartzScheduler' - running locally.
  NOT STARTED.
  Currently in standby mode.
  Number of jobs executed: 0
  Using thread pool 'org.quartz.simpl.SimpleThreadPool' - with 50 threads.
  Using job-store 'org.quartz.simpl.RAMJobStore' - which does not support persistence. and is not clustered.

INFO main org.quartz.impl.StdSchedulerFactory - Quartz scheduler 'SiteMonitoringScheduler' initialized from default resource file in Quartz package: 'quartz.properties'
INFO main org.quartz.impl.StdSchedulerFactory - Quartz scheduler version: 2.2.1
INFO main org.quartz.core.QuartzScheduler - Scheduler SiteMonitoringScheduler_$_NON_CLUSTERED started.
DEBUG SiteMonitoringScheduler_QuartzSchedulerThread org.quartz.core.QuartzSchedulerThread - batch acquisition of 0 triggers
DEBUG SiteMonitoringScheduler_QuartzSchedulerThread org.quartz.core.QuartzSchedulerThread - batch acquisition of 1 triggers
DEBUG SiteMonitoringScheduler_QuartzSchedulerThread org.quartz.simpl.PropertySettingJobFactory - Producing instance of Job 'SiteMonitoringScheduler.jobhttp://bsn-supplements.com/en-gb', class=org.kgsnipes.site.jobs.SiteURLJob
DEBUG SiteMonitoringScheduler_QuartzSchedulerThread org.quartz.core.QuartzSchedulerThread - batch acquisition of 0 triggers
DEBUG SiteMonitoringScheduler_Worker-1 org.quartz.core.JobRunShell - Calling execute on job SiteMonitoringScheduler.jobhttp://bsn-supplements.com/en-gb
DEBUG Timer-0 org.quartz.utils.UpdateChecker - Checking for available updated version of Quartz...
ERROR SiteMonitoringScheduler_Worker-1 org.kgsnipes.site.jobs.SiteURLJob - exception occured
java.lang.NullPointerException
	at java.net.URI$Parser.parse(Unknown Source)
	at java.net.URI.<init>(Unknown Source)
	at java.net.URI.create(Unknown Source)
	at org.apache.http.client.methods.HttpGet.<init>(HttpGet.java:69)
	at org.kgsnipes.site.jobs.SiteURLJob.execute(SiteURLJob.java:42)
	at org.quartz.core.JobRunShell.run(JobRunShell.java:202)
	at org.quartz.simpl.SimpleThreadPool$WorkerThread.run(SimpleThreadPool.java:573)
INFO SiteMonitoringScheduler_Worker-1 org.kgsnipes.site.jobs.SiteURLJob - {"pollCount":1,"successCount":0,"failureCount":1,"interval":600,"threshold":300,"lastFailurePoint":1402649359632,"lastFailureNotified":true,"errorPercentage":100.0,"successPercentage":null,"uri":"http://bsn-supplements.com/en-gb"}
DEBUG SiteMonitoringScheduler_Worker-1 org.apache.http.impl.conn.PoolingHttpClientConnectionManager - Connection manager is shutting down
DEBUG SiteMonitoringScheduler_Worker-1 org.apache.http.impl.conn.PoolingHttpClientConnectionManager - Connection manager shut down
DEBUG SiteMonitoringScheduler_QuartzSchedulerThread org.quartz.core.QuartzSchedulerThread - batch acquisition of 0 triggers
DEBUG SiteMonitoringScheduler_QuartzSchedulerThread org.quartz.core.QuartzSchedulerThread - batch acquisition of 0 triggers
DEBUG SiteMonitoringScheduler_QuartzSchedulerThread org.quartz.core.QuartzSchedulerThread - batch acquisition of 0 triggers
DEBUG SiteMonitoringScheduler_QuartzSchedulerThread org.quartz.core.QuartzSchedulerThread - batch acquisition of 0 triggers
